<?xml version="1.0" encoding="UTF-8"?>
<!-- Generated by org.testng.reporters.JUnitXMLReporter -->
<testsuite hostname="G5-PC" ignored="0" name="Default test" tests="6" failures="0" timestamp="08 Jun 2018 11:16:27 GMT" time="208.568" errors="0">
  <testcase name="RAF_login" time="21.827" classname="testcases.Verify_SharingActions"/>
  <testcase name="FacebookSharing" time="69.818" classname="testcases.Verify_SharingActions"/>
  <testcase name="TwitterSharing" time="49.558" classname="testcases.Verify_SharingActions"/>
  <testcase name="Emailsharing" time="26.354" classname="testcases.Verify_SharingActions"/>
  <testcase name="Managerewardsection" time="15.783" classname="testcases.Verify_SharingActions"/>
  <testcase name="Referralstatus" time="15.559" classname="testcases.Verify_SharingActions"/>
</testsuite> <!-- Default test -->
